shiny gold bag +1
dotted indigo bag +2
dark tomato bag +3
clear bronze bag +4
pale gray bag +5
mirrored gold bag +6
plaid lavender bag +7
wavy chartreuse bag +8
pale black bag +9
bright coral bag +10
mirrored salmon bag +11
dark silver bag +12
light indigo bag +13
pale yellow bag +14
plaid coral bag +15
striped aqua bag +16
faded teal bag +17
plaid red bag +18
striped salmon bag +19
mirrored olive bag +20
muted tomato bag +21
posh red bag +22
bright red bag +23
dark violet bag +24
striped chartreuse bag +25
drab black bag +26
striped indigo bag +27
dim crimson bag +28
mirrored turquoise bag +29
faded lime bag +30
posh black bag +31
shiny olive bag +32
bright bronze bag +33
dotted salmon bag +34
clear indigo bag +35
faded brown bag +36
pale magenta bag +37
muted beige bag +38
faded bronze bag +39
dotted cyan bag +40
posh olive bag +41
dotted violet bag +42
faded aqua bag +43
plaid white bag +44
light coral bag +45
dim fuchsia bag +46
mirrored gray bag +47
vibrant turquoise bag +48
posh aqua bag +49
light teal bag +50
dull red bag +51
wavy olive bag +52
dull lime bag +53
clear violet bag +54
posh lime bag +55
posh purple bag +56
pale yellow bag duplicate
shiny chartreuse bag +57
dim indigo bag +58
plaid indigo bag +59
light olive bag +60
clear brown bag +61
dull tan bag +62
drab plum bag +63
shiny indigo bag +64
dull maroon bag +65
pale bronze bag +66
striped orange bag +67
light beige bag +68
bright silver bag +69
dark teal bag +70
dull yellow bag +71
shiny aqua bag +72
plaid lavender bag duplicate
plaid gray bag +73
muted brown bag +74
dark red bag +75
bright orange bag +76
striped magenta bag +77
light gray bag +78
faded plum bag +79
dotted white bag +80
striped white bag +81
muted maroon bag +82
shiny olive bag duplicate
dotted coral bag +83
clear yellow bag +84
vibrant white bag +85
light orange bag +86
vibrant brown bag +87
muted yellow bag +88
dim orange bag +89
dark crimson bag +90
pale teal bag +91
wavy silver bag +92
striped green bag +93
drab tan bag +94
dotted teal bag +95
wavy turquoise bag +96
pale gold bag +97
vibrant bronze bag +98
muted tan bag +99
shiny fuchsia bag +100
bright purple bag +101
clear gold bag +102
pale black bag duplicate
bright purple bag duplicate
Moose = 102
Part1: 101
Part2: 108636
